<?xml version="1.0" encoding="UTF-8"?>
<testng-results ignored="0" total="1" passed="1" failed="0" skipped="0">
  <reporter-output>
  </reporter-output>
  <suite started-at="2024-04-26T16:21:21 IST" name="Surefire suite" finished-at="2024-04-26T16:21:44 IST" duration-ms="22681">
    <groups>
    </groups>
    <test started-at="2024-04-26T16:21:21 IST" name="Surefire test" finished-at="2024-04-26T16:21:44 IST" duration-ms="22681">
      <class name="com.example.AppTest">
        <test-method is-config="true" signature="setup()[pri:0, instance:com.example.AppTest@5db250b4]" started-at="2024-04-26T16:21:21 IST" name="setup" finished-at="2024-04-26T16:21:24 IST" duration-ms="3392" status="PASS">
          <reporter-output>
          </reporter-output>
        </test-method> <!-- setup -->
        <test-method signature="test1()[pri:0, instance:com.example.AppTest@5db250b4]" started-at="2024-04-26T16:21:24 IST" name="test1" finished-at="2024-04-26T16:21:43 IST" duration-ms="18843" status="PASS">
          <reporter-output>
          </reporter-output>
        </test-method> <!-- test1 -->
        <test-method is-config="true" signature="after()[pri:0, instance:com.example.AppTest@5db250b4]" started-at="2024-04-26T16:21:43 IST" name="after" finished-at="2024-04-26T16:21:44 IST" duration-ms="412" status="PASS">
          <reporter-output>
          </reporter-output>
        </test-method> <!-- after -->
      </class> <!-- com.example.AppTest -->
    </test> <!-- Surefire test -->
  </suite> <!-- Surefire suite -->
</testng-results>
